<?xml version="1.0" encoding="UTF-8"?>
<!-- Generated by org.testng.reporters.JUnitReportReporter -->
<testsuite hostname="LAPTOP-68TK8CI5" failures="0" tests="1" name="automationteststore.tests.verifyLinks.tests.linksTest" time="17.207" errors="0" timestamp="2023-07-30T04:12:33 BST" skipped="0">
  <testcase classname="automationteststore.tests.verifyLinks.tests.linksTest" name="links" time="17.207"/>
</testsuite> <!-- automationteststore.tests.verifyLinks.tests.linksTest -->
