<?xml version="1.0" encoding="UTF-8"?>
<!-- Generated by org.testng.reporters.JUnitReportReporter -->
<testsuite hostname="LAPTOP-68TK8CI5" failures="0" tests="1" name="automationteststore.TestNGRunners.features.TestNGTestRunner" time="32.099" errors="0" timestamp="2023-07-28T04:36:17 BST" skipped="0">
  <testcase classname="automationteststore.TestNGRunners.features.TestNGTestRunner" name="runScenario" time="32.099"/>
</testsuite> <!-- automationteststore.TestNGRunners.features.TestNGTestRunner -->
